Fetching registry information from https://github.com/microsoft/vcpkg (HEAD)...
Detecting compiler hash for triplet x64-windows...
Compiler found: C:/Program Files/Microsoft Visual Studio/2022/Community/VC/Tools/MSVC/14.41.34120/bin/Hostx64/x64/cl.exe
The following packages will be built and installed:
  * brotli:x64-windows@1.1.0#1 -- C:\Users\oskark1c\AppData\Local\vcpkg\registries\git-trees\4e5b5ae1ad26c80535c893cc0307121f0398549e
  * bzip2[core,tool]:x64-windows@1.0.8#6 -- C:\Users\oskark1c\AppData\Local\vcpkg\registries\git-trees\2d029da682847c5ebdc54e4dbea001331a02207e
  * freetype[brotli,bzip2,core,png,zlib]:x64-windows@2.13.3 -- C:\Users\oskark1c\AppData\Local\vcpkg\registries\git-trees\8a2c633dcc14eaabdb31cf4637242f4e3c2f3fa2
  * libflac[core,stack-protector]:x64-windows@1.4.3#2 -- C:\Users\oskark1c\AppData\Local\vcpkg\registries\git-trees\a92a3397dfb70e6eec94fab7b3665a1288d9f7bd
  * libogg:x64-windows@1.3.5#2 -- C:\Users\oskark1c\AppData\Local\vcpkg\registries\git-trees\7de72b080f4e8596980840f33de0a62394d99e6b
  * libpng:x64-windows@1.6.46 -- C:\Users\oskark1c\AppData\Local\vcpkg\registries\git-trees\0074ace75112e0a4ff3465de21e692c07d6e6b5f
  * libvorbis:x64-windows@1.3.7#3 -- C:\Users\oskark1c\AppData\Local\vcpkg\registries\git-trees\23d11198ff2df7a3af54f1c4645ef71a141f2a85
  * openal-soft:x64-windows@1.24.2 -- C:\Users\oskark1c\AppData\Local\vcpkg\registries\git-trees\368c76c235972804893059e75da4584486a8a0d0
    sfml:x64-windows@2.5.1 -- C:\Users\oskark1c\AppData\Local\vcpkg\registries\git-trees\cbd65a448eee418c75a45b437122ffc020ad9c73
  * stb:x64-windows@2024-07-29#1 -- C:\Users\oskark1c\AppData\Local\vcpkg\registries\git-trees\c362152d1d02973e7b1ce777960f8a6876656560
  * vcpkg-cmake:x64-windows@2024-04-23 -- C:\Users\oskark1c\AppData\Local\vcpkg\registries\git-trees\e74aa1e8f93278a8e71372f1fa08c3df420eb840
  * vcpkg-cmake-config:x64-windows@2024-05-23 -- C:\Users\oskark1c\AppData\Local\vcpkg\registries\git-trees\97a63e4bc1a17422ffe4eff71da53b4b561a7841
  * zlib:x64-windows@1.3.1 -- C:\Users\oskark1c\AppData\Local\vcpkg\registries\git-trees\3f05e04b9aededb96786a911a16193cdb711f0c9
Additional packages (*) will be modified to complete this operation.
Restored 13 package(s) from C:\Users\oskark1c\AppData\Local\vcpkg\archives in 543 ms. Use --debug to see more details.
Installing 1/13 stb:x64-windows@2024-07-29#1...
Elapsed time to handle stb:x64-windows: 12.9 ms
stb:x64-windows package ABI: e54733a0034564150db1df2fa959cb1c2ae2f2478584ed4cbda067ac2ba16cd2
Installing 2/13 vcpkg-cmake-config:x64-windows@2024-05-23...
Elapsed time to handle vcpkg-cmake-config:x64-windows: 18.9 ms
vcpkg-cmake-config:x64-windows package ABI: 7eb75b3deecfa82919a042d59a1c86d4e9397075116adf41346d9194152e8daf
Installing 3/13 vcpkg-cmake:x64-windows@2024-04-23...
Elapsed time to handle vcpkg-cmake:x64-windows: 19.6 ms
vcpkg-cmake:x64-windows package ABI: 6366b23441c38374c3d1188e10f79f2aebb704eaf48f8d143670963a0b369bd3
Installing 4/13 openal-soft:x64-windows@1.24.2...
Elapsed time to handle openal-soft:x64-windows: 27.1 ms
openal-soft:x64-windows package ABI: eec1f6617a1684c0767f8f3069507d7b48b04e5e336896b32c0f60544b4066e4
Installing 5/13 libogg:x64-windows@1.3.5#2...
Elapsed time to handle libogg:x64-windows: 24 ms
libogg:x64-windows package ABI: 74e484926ef9cc8d050c921e7bdd46c90fa643fae316955aa15dc65262be2fb8
Installing 6/13 libvorbis:x64-windows@1.3.7#3...
Elapsed time to handle libvorbis:x64-windows: 28.4 ms
libvorbis:x64-windows package ABI: ba8b9781f8bd1e90faceb67ceb56264ce9d863c5d0532be92daa249559b2561e
Installing 7/13 libflac[core,stack-protector]:x64-windows@1.4.3#2...
Elapsed time to handle libflac:x64-windows: 33.1 ms
libflac:x64-windows package ABI: b3f1c81d01971708f4211ac4f6f695732d6442cc2bde1b7ff3bdd1e6fba4d52c
Installing 8/13 zlib:x64-windows@1.3.1...
Elapsed time to handle zlib:x64-windows: 23.6 ms
zlib:x64-windows package ABI: 224fbcfb0badf3625243666286c30ca081180c4e2747c50c91a0836c1d68eeba
Installing 9/13 libpng:x64-windows@1.6.46...
Elapsed time to handle libpng:x64-windows: 28.2 ms
libpng:x64-windows package ABI: d19298e2c7a57b9f3338090215c62b9783a95990f80600e49bbd548e3063240b
Installing 10/13 bzip2[core,tool]:x64-windows@1.0.8#6...
Elapsed time to handle bzip2:x64-windows: 25.6 ms
bzip2:x64-windows package ABI: 6242abaee7484ad3a99848e222e1aff07fae21882399ce0fea492d38ea3abf2f
Installing 11/13 brotli:x64-windows@1.1.0#1...
Elapsed time to handle brotli:x64-windows: 25.3 ms
brotli:x64-windows package ABI: 3f59b7c050d79978ef9b79059092632fd05ed4fec72496057898bb5141584317
Installing 12/13 freetype[brotli,bzip2,core,png,zlib]:x64-windows@2.13.3...
Elapsed time to handle freetype:x64-windows: 23.3 ms
freetype:x64-windows package ABI: 5cd8693e5e29a97939803590f07154dafb45f4d9d4d614323f92c95756050502
Installing 13/13 sfml:x64-windows@2.5.1...
Elapsed time to handle sfml:x64-windows: 36 ms
sfml:x64-windows package ABI: 6bfd8163108395f1c4161924e20063786261f72e3a735e0119ed4fb989a8f312
Total install time: 333 ms
sfml provides CMake targets:

  # this is heuristically generated, and may not be correct
  find_package(SFML CONFIG REQUIRED)
  # note: 7 additional targets are not displayed.
  target_link_libraries(main PRIVATE FLAC OpenAL OpenGL Vorbis)

